<?xml version="1.0" encoding="UTF-8"?>
<testsuite xmlns:xsi="http://www.w3.org/2001/XMLSchema-instance" xsi:noNamespaceSchemaLocation="https://maven.apache.org/surefire/maven-surefire-plugin/xsd/surefire-test-report.xsd" name="com.ancaiyun.MicroAncaiyunSsoServerApplicationTests" time="10.974" tests="1" errors="0" skipped="0" failures="0">
  <properties>
    <property name="sun.desktop" value="windows"/>
    <property name="awt.toolkit" value="sun.awt.windows.WToolkit"/>
    <property name="file.encoding.pkg" value="sun.io"/>
    <property name="java.specification.version" value="1.8"/>
    <property name="sun.cpu.isalist" value="amd64"/>
    <property name="sun.jnu.encoding" value="GBK"/>
    <property name="java.class.path" value="C:\Users\Administrator\Desktop\服务打包\micro-ancaiyun-sso-server\target\test-classes;C:\Users\Administrator\Desktop\服务打包\micro-ancaiyun-sso-server\target\classes;C:\Users\Administrator\.m2\repository\org\springframework\boot\spring-boot-starter-data-redis\2.0.1.RELEASE\spring-boot-starter-data-redis-2.0.1.RELEASE.jar;C:\Users\Administrator\.m2\repository\org\springframework\boot\spring-boot-starter\2.0.1.RELEASE\spring-boot-starter-2.0.1.RELEASE.jar;C:\Users\Administrator\.m2\repository\org\springframework\boot\spring-boot\2.0.1.RELEASE\spring-boot-2.0.1.RELEASE.jar;C:\Users\Administrator\.m2\repository\javax\annotation\javax.annotation-api\1.3.2\javax.annotation-api-1.3.2.jar;C:\Users\Administrator\.m2\repository\org\yaml\snakeyaml\1.19\snakeyaml-1.19.jar;C:\Users\Administrator\.m2\repository\org\springframework\data\spring-data-redis\2.0.6.RELEASE\spring-data-redis-2.0.6.RELEASE.jar;C:\Users\Administrator\.m2\repository\org\springframework\data\spring-data-keyvalue\2.0.6.RELEASE\spring-data-keyvalue-2.0.6.RELEASE.jar;C:\Users\Administrator\.m2\repository\org\springframework\data\spring-data-commons\2.0.6.RELEASE\spring-data-commons-2.0.6.RELEASE.jar;C:\Users\Administrator\.m2\repository\org\springframework\spring-tx\5.0.5.RELEASE\spring-tx-5.0.5.RELEASE.jar;C:\Users\Administrator\.m2\repository\org\springframework\spring-oxm\5.0.5.RELEASE\spring-oxm-5.0.5.RELEASE.jar;C:\Users\Administrator\.m2\repository\org\springframework\spring-aop\5.0.5.RELEASE\spring-aop-5.0.5.RELEASE.jar;C:\Users\Administrator\.m2\repository\io\lettuce\lettuce-core\5.0.3.RELEASE\lettuce-core-5.0.3.RELEASE.jar;C:\Users\Administrator\.m2\repository\io\projectreactor\reactor-core\3.1.6.RELEASE\reactor-core-3.1.6.RELEASE.jar;C:\Users\Administrator\.m2\repository\org\reactivestreams\reactive-streams\1.0.2\reactive-streams-1.0.2.jar;C:\Users\Administrator\.m2\repository\io\netty\netty-common\4.1.23.Final\netty-common-4.1.23.Final.jar;C:\Users\Administrator\.m2\repository\io\netty\netty-transport\4.1.23.Final\netty-transport-4.1.23.Final.jar;C:\Users\Administrator\.m2\repository\io\netty\netty-buffer\4.1.23.Final\netty-buffer-4.1.23.Final.jar;C:\Users\Administrator\.m2\repository\io\netty\netty-resolver\4.1.23.Final\netty-resolver-4.1.23.Final.jar;C:\Users\Administrator\.m2\repository\io\netty\netty-handler\4.1.23.Final\netty-handler-4.1.23.Final.jar;C:\Users\Administrator\.m2\repository\io\netty\netty-codec\4.1.23.Final\netty-codec-4.1.23.Final.jar;C:\Users\Administrator\.m2\repository\com\cwbase\logback-redis-appender\1.1.0\logback-redis-appender-1.1.0.jar;C:\Users\Administrator\.m2\repository\redis\clients\jedis\2.9.0\jedis-2.9.0.jar;C:\Users\Administrator\.m2\repository\org\springframework\boot\spring-boot-starter-logging\2.0.1.RELEASE\spring-boot-starter-logging-2.0.1.RELEASE.jar;C:\Users\Administrator\.m2\repository\ch\qos\logback\logback-classic\1.2.3\logback-classic-1.2.3.jar;C:\Users\Administrator\.m2\repository\org\apache\logging\log4j\log4j-to-slf4j\2.10.0\log4j-to-slf4j-2.10.0.jar;C:\Users\Administrator\.m2\repository\org\apache\logging\log4j\log4j-api\2.10.0\log4j-api-2.10.0.jar;C:\Users\Administrator\.m2\repository\org\slf4j\jul-to-slf4j\1.7.25\jul-to-slf4j-1.7.25.jar;C:\Users\Administrator\.m2\repository\net\logstash\logback\logstash-logback-encoder\4.11\logstash-logback-encoder-4.11.jar;C:\Users\Administrator\.m2\repository\ch\qos\logback\logback-core\1.2.3\logback-core-1.2.3.jar;C:\Users\Administrator\.m2\repository\com\fasterxml\jackson\core\jackson-databind\2.9.3\jackson-databind-2.9.3.jar;C:\Users\Administrator\.m2\repository\com\fasterxml\jackson\core\jackson-annotations\2.9.0\jackson-annotations-2.9.0.jar;C:\Users\Administrator\.m2\repository\com\fasterxml\jackson\core\jackson-core\2.9.3\jackson-core-2.9.3.jar;C:\Users\Administrator\.m2\repository\org\springframework\boot\spring-boot-starter-cache\2.0.1.RELEASE\spring-boot-starter-cache-2.0.1.RELEASE.jar;C:\Users\Administrator\.m2\repository\org\springframework\spring-context\5.0.5.RELEASE\spring-context-5.0.5.RELEASE.jar;C:\Users\Administrator\.m2\repository\org\springframework\spring-beans\5.0.5.RELEASE\spring-beans-5.0.5.RELEASE.jar;C:\Users\Administrator\.m2\repository\org\springframework\spring-expression\5.0.5.RELEASE\spring-expression-5.0.5.RELEASE.jar;C:\Users\Administrator\.m2\repository\org\springframework\spring-context-support\5.0.5.RELEASE\spring-context-support-5.0.5.RELEASE.jar;C:\Users\Administrator\.m2\repository\org\apache\commons\commons-pool2\2.4.2\commons-pool2-2.4.2.jar;C:\Users\Administrator\.m2\repository\com\alibaba\fastjson\1.2.8\fastjson-1.2.8.jar;C:\Users\Administrator\.m2\repository\org\springframework\boot\spring-boot-starter-web\2.0.1.RELEASE\spring-boot-starter-web-2.0.1.RELEASE.jar;C:\Users\Administrator\.m2\repository\org\springframework\boot\spring-boot-starter-json\2.0.1.RELEASE\spring-boot-starter-json-2.0.1.RELEASE.jar;C:\Users\Administrator\.m2\repository\com\fasterxml\jackson\datatype\jackson-datatype-jdk8\2.9.3\jackson-datatype-jdk8-2.9.3.jar;C:\Users\Administrator\.m2\repository\com\fasterxml\jackson\datatype\jackson-datatype-jsr310\2.9.3\jackson-datatype-jsr310-2.9.3.jar;C:\Users\Administrator\.m2\repository\com\fasterxml\jackson\module\jackson-module-parameter-names\2.9.3\jackson-module-parameter-names-2.9.3.jar;C:\Users\Administrator\.m2\repository\org\springframework\boot\spring-boot-starter-tomcat\2.0.1.RELEASE\spring-boot-starter-tomcat-2.0.1.RELEASE.jar;C:\Users\Administrator\.m2\repository\org\apache\tomcat\embed\tomcat-embed-core\8.5.29\tomcat-embed-core-8.5.29.jar;C:\Users\Administrator\.m2\repository\org\apache\tomcat\embed\tomcat-embed-el\8.5.29\tomcat-embed-el-8.5.29.jar;C:\Users\Administrator\.m2\repository\org\apache\tomcat\embed\tomcat-embed-websocket\8.5.29\tomcat-embed-websocket-8.5.29.jar;C:\Users\Administrator\.m2\repository\org\hibernate\validator\hibernate-validator\6.0.9.Final\hibernate-validator-6.0.9.Final.jar;C:\Users\Administrator\.m2\repository\javax\validation\validation-api\2.0.1.Final\validation-api-2.0.1.Final.jar;C:\Users\Administrator\.m2\repository\org\jboss\logging\jboss-logging\3.3.2.Final\jboss-logging-3.3.2.Final.jar;C:\Users\Administrator\.m2\repository\com\fasterxml\classmate\1.3.4\classmate-1.3.4.jar;C:\Users\Administrator\.m2\repository\org\springframework\spring-web\5.0.5.RELEASE\spring-web-5.0.5.RELEASE.jar;C:\Users\Administrator\.m2\repository\org\springframework\spring-webmvc\5.0.5.RELEASE\spring-webmvc-5.0.5.RELEASE.jar;C:\Users\Administrator\.m2\repository\org\springframework\boot\spring-boot-starter-jdbc\2.0.1.RELEASE\spring-boot-starter-jdbc-2.0.1.RELEASE.jar;C:\Users\Administrator\.m2\repository\com\zaxxer\HikariCP\2.7.8\HikariCP-2.7.8.jar;C:\Users\Administrator\.m2\repository\org\springframework\spring-jdbc\5.0.5.RELEASE\spring-jdbc-5.0.5.RELEASE.jar;C:\Users\Administrator\.m2\repository\org\mybatis\spring\boot\mybatis-spring-boot-starter\1.3.2\mybatis-spring-boot-starter-1.3.2.jar;C:\Users\Administrator\.m2\repository\org\mybatis\spring\boot\mybatis-spring-boot-autoconfigure\1.3.2\mybatis-spring-boot-autoconfigure-1.3.2.jar;C:\Users\Administrator\.m2\repository\org\mybatis\mybatis\3.4.6\mybatis-3.4.6.jar;C:\Users\Administrator\.m2\repository\org\mybatis\mybatis-spring\1.3.2\mybatis-spring-1.3.2.jar;C:\Users\Administrator\.m2\repository\org\springframework\cloud\spring-cloud-starter-netflix-eureka-client\2.0.0.M8\spring-cloud-starter-netflix-eureka-client-2.0.0.M8.jar;C:\Users\Administrator\.m2\repository\org\springframework\cloud\spring-cloud-starter\2.0.0.M9\spring-cloud-starter-2.0.0.M9.jar;C:\Users\Administrator\.m2\repository\org\springframework\cloud\spring-cloud-context\2.0.0.M9\spring-cloud-context-2.0.0.M9.jar;C:\Users\Administrator\.m2\repository\org\springframework\security\spring-security-crypto\5.0.4.RELEASE\spring-security-crypto-5.0.4.RELEASE.jar;C:\Users\Administrator\.m2\repository\org\springframework\cloud\spring-cloud-commons\2.0.0.M9\spring-cloud-commons-2.0.0.M9.jar;C:\Users\Administrator\.m2\repository\org\springframework\security\spring-security-rsa\1.0.5.RELEASE\spring-security-rsa-1.0.5.RELEASE.jar;C:\Users\Administrator\.m2\repository\org\bouncycastle\bcpkix-jdk15on\1.56\bcpkix-jdk15on-1.56.jar;C:\Users\Administrator\.m2\repository\org\springframework\cloud\spring-cloud-netflix-core\2.0.0.M8\spring-cloud-netflix-core-2.0.0.M8.jar;C:\Users\Administrator\.m2\repository\org\springframework\boot\spring-boot-starter-aop\2.0.1.RELEASE\spring-boot-starter-aop-2.0.1.RELEASE.jar;C:\Users\Administrator\.m2\repository\org\aspectj\aspectjweaver\1.8.13\aspectjweaver-1.8.13.jar;C:\Users\Administrator\.m2\repository\org\springframework\cloud\spring-cloud-netflix-eureka-client\2.0.0.M8\spring-cloud-netflix-eureka-client-2.0.0.M8.jar;C:\Users\Administrator\.m2\repository\com\netflix\eureka\eureka-client\1.8.7\eureka-client-1.8.7.jar;C:\Users\Administrator\.m2\repository\org\codehaus\jettison\jettison\1.3.7\jettison-1.3.7.jar;C:\Users\Administrator\.m2\repository\stax\stax-api\1.0.1\stax-api-1.0.1.jar;C:\Users\Administrator\.m2\repository\com\netflix\netflix-commons\netflix-eventbus\0.3.0\netflix-eventbus-0.3.0.jar;C:\Users\Administrator\.m2\repository\com\netflix\netflix-commons\netflix-infix\0.3.0\netflix-infix-0.3.0.jar;C:\Users\Administrator\.m2\repository\commons-jxpath\commons-jxpath\1.3\commons-jxpath-1.3.jar;C:\Users\Administrator\.m2\repository\joda-time\joda-time\2.9.9\joda-time-2.9.9.jar;C:\Users\Administrator\.m2\repository\org\antlr\antlr-runtime\3.4\antlr-runtime-3.4.jar;C:\Users\Administrator\.m2\repository\org\antlr\stringtemplate\3.2.1\stringtemplate-3.2.1.jar;C:\Users\Administrator\.m2\repository\antlr\antlr\2.7.7\antlr-2.7.7.jar;C:\Users\Administrator\.m2\repository\com\google\code\gson\gson\2.8.2\gson-2.8.2.jar;C:\Users\Administrator\.m2\repository\org\apache\commons\commons-math\2.2\commons-math-2.2.jar;C:\Users\Administrator\.m2\repository\com\netflix\archaius\archaius-core\0.7.5\archaius-core-0.7.5.jar;C:\Users\Administrator\.m2\repository\javax\ws\rs\jsr311-api\1.1.1\jsr311-api-1.1.1.jar;C:\Users\Administrator\.m2\repository\com\netflix\servo\servo-core\0.10.1\servo-core-0.10.1.jar;C:\Users\Administrator\.m2\repository\com\netflix\servo\servo-internal\0.10.1\servo-internal-0.10.1.jar;C:\Users\Administrator\.m2\repository\com\sun\jersey\jersey-core\1.19.1\jersey-core-1.19.1.jar;C:\Users\Administrator\.m2\repository\com\sun\jersey\jersey-client\1.19.1\jersey-client-1.19.1.jar;C:\Users\Administrator\.m2\repository\com\sun\jersey\contribs\jersey-apache-client4\1.19.1\jersey-apache-client4-1.19.1.jar;C:\Users\Administrator\.m2\repository\com\google\inject\guice\4.1.0\guice-4.1.0.jar;C:\Users\Administrator\.m2\repository\javax\inject\javax.inject\1\javax.inject-1.jar;C:\Users\Administrator\.m2\repository\aopalliance\aopalliance\1.0\aopalliance-1.0.jar;C:\Users\Administrator\.m2\repository\com\github\vlsi\compactmap\compactmap\1.2.1\compactmap-1.2.1.jar;C:\Users\Administrator\.m2\repository\com\github\andrewoma\dexx\dexx-collections\0.2\dexx-collections-0.2.jar;C:\Users\Administrator\.m2\repository\com\netflix\eureka\eureka-core\1.8.7\eureka-core-1.8.7.jar;C:\Users\Administrator\.m2\repository\org\codehaus\woodstox\woodstox-core-asl\4.4.1\woodstox-core-asl-4.4.1.jar;C:\Users\Administrator\.m2\repository\javax\xml\stream\stax-api\1.0-2\stax-api-1.0-2.jar;C:\Users\Administrator\.m2\repository\org\codehaus\woodstox\stax2-api\3.1.4\stax2-api-3.1.4.jar;C:\Users\Administrator\.m2\repository\org\springframework\cloud\spring-cloud-starter-netflix-archaius\2.0.0.M8\spring-cloud-starter-netflix-archaius-2.0.0.M8.jar;C:\Users\Administrator\.m2\repository\org\springframework\cloud\spring-cloud-netflix-ribbon\2.0.0.M8\spring-cloud-netflix-ribbon-2.0.0.M8.jar;C:\Users\Administrator\.m2\repository\org\springframework\cloud\spring-cloud-netflix-archaius\2.0.0.M8\spring-cloud-netflix-archaius-2.0.0.M8.jar;C:\Users\Administrator\.m2\repository\commons-configuration\commons-configuration\1.8\commons-configuration-1.8.jar;C:\Users\Administrator\.m2\repository\com\google\guava\guava\18.0\guava-18.0.jar;C:\Users\Administrator\.m2\repository\org\springframework\cloud\spring-cloud-starter-netflix-ribbon\2.0.0.M8\spring-cloud-starter-netflix-ribbon-2.0.0.M8.jar;C:\Users\Administrator\.m2\repository\com\netflix\ribbon\ribbon\2.2.5\ribbon-2.2.5.jar;C:\Users\Administrator\.m2\repository\com\netflix\ribbon\ribbon-transport\2.2.5\ribbon-transport-2.2.5.jar;C:\Users\Administrator\.m2\repository\io\reactivex\rxnetty-contexts\0.4.9\rxnetty-contexts-0.4.9.jar;C:\Users\Administrator\.m2\repository\io\reactivex\rxnetty-servo\0.4.9\rxnetty-servo-0.4.9.jar;C:\Users\Administrator\.m2\repository\com\netflix\hystrix\hystrix-core\1.5.12\hystrix-core-1.5.12.jar;C:\Users\Administrator\.m2\repository\org\hdrhistogram\HdrHistogram\2.1.9\HdrHistogram-2.1.9.jar;C:\Users\Administrator\.m2\repository\io\reactivex\rxnetty\0.4.9\rxnetty-0.4.9.jar;C:\Users\Administrator\.m2\repository\io\netty\netty-codec-http\4.1.23.Final\netty-codec-http-4.1.23.Final.jar;C:\Users\Administrator\.m2\repository\io\netty\netty-transport-native-epoll\4.1.23.Final\netty-transport-native-epoll-4.1.23.Final.jar;C:\Users\Administrator\.m2\repository\io\netty\netty-transport-native-unix-common\4.1.23.Final\netty-transport-native-unix-common-4.1.23.Final.jar;C:\Users\Administrator\.m2\repository\com\netflix\ribbon\ribbon-core\2.2.5\ribbon-core-2.2.5.jar;C:\Users\Administrator\.m2\repository\com\netflix\ribbon\ribbon-httpclient\2.2.5\ribbon-httpclient-2.2.5.jar;C:\Users\Administrator\.m2\repository\com\netflix\netflix-commons\netflix-commons-util\0.1.1\netflix-commons-util-0.1.1.jar;C:\Users\Administrator\.m2\repository\com\netflix\ribbon\ribbon-loadbalancer\2.2.5\ribbon-loadbalancer-2.2.5.jar;C:\Users\Administrator\.m2\repository\com\netflix\netflix-commons\netflix-statistics\0.1.1\netflix-statistics-0.1.1.jar;C:\Users\Administrator\.m2\repository\io\reactivex\rxjava\1.3.8\rxjava-1.3.8.jar;C:\Users\Administrator\.m2\repository\com\netflix\ribbon\ribbon-eureka\2.2.5\ribbon-eureka-2.2.5.jar;C:\Users\Administrator\.m2\repository\com\thoughtworks\xstream\xstream\1.4.10\xstream-1.4.10.jar;C:\Users\Administrator\.m2\repository\xmlpull\xmlpull\1.1.3.1\xmlpull-1.1.3.1.jar;C:\Users\Administrator\.m2\repository\xpp3\xpp3_min\1.1.4c\xpp3_min-1.1.4c.jar;C:\Users\Administrator\.m2\repository\mysql\mysql-connector-java\5.1.46\mysql-connector-java-5.1.46.jar;C:\Users\Administrator\.m2\repository\org\springframework\boot\spring-boot-starter-test\2.0.1.RELEASE\spring-boot-starter-test-2.0.1.RELEASE.jar;C:\Users\Administrator\.m2\repository\org\springframework\boot\spring-boot-test\2.0.1.RELEASE\spring-boot-test-2.0.1.RELEASE.jar;C:\Users\Administrator\.m2\repository\org\springframework\boot\spring-boot-test-autoconfigure\2.0.1.RELEASE\spring-boot-test-autoconfigure-2.0.1.RELEASE.jar;C:\Users\Administrator\.m2\repository\com\jayway\jsonpath\json-path\2.4.0\json-path-2.4.0.jar;C:\Users\Administrator\.m2\repository\net\minidev\json-smart\2.3\json-smart-2.3.jar;C:\Users\Administrator\.m2\repository\net\minidev\accessors-smart\1.2\accessors-smart-1.2.jar;C:\Users\Administrator\.m2\repository\org\ow2\asm\asm\5.0.4\asm-5.0.4.jar;C:\Users\Administrator\.m2\repository\junit\junit\4.12\junit-4.12.jar;C:\Users\Administrator\.m2\repository\org\assertj\assertj-core\3.9.1\assertj-core-3.9.1.jar;C:\Users\Administrator\.m2\repository\org\mockito\mockito-core\2.15.0\mockito-core-2.15.0.jar;C:\Users\Administrator\.m2\repository\net\bytebuddy\byte-buddy\1.7.11\byte-buddy-1.7.11.jar;C:\Users\Administrator\.m2\repository\net\bytebuddy\byte-buddy-agent\1.7.11\byte-buddy-agent-1.7.11.jar;C:\Users\Administrator\.m2\repository\org\objenesis\objenesis\2.6\objenesis-2.6.jar;C:\Users\Administrator\.m2\repository\org\hamcrest\hamcrest-core\1.3\hamcrest-core-1.3.jar;C:\Users\Administrator\.m2\repository\org\hamcrest\hamcrest-library\1.3\hamcrest-library-1.3.jar;C:\Users\Administrator\.m2\repository\org\skyscreamer\jsonassert\1.5.0\jsonassert-1.5.0.jar;C:\Users\Administrator\.m2\repository\com\vaadin\external\google\android-json\0.0.20131108.vaadin1\android-json-0.0.20131108.vaadin1.jar;C:\Users\Administrator\.m2\repository\org\springframework\spring-core\5.0.5.RELEASE\spring-core-5.0.5.RELEASE.jar;C:\Users\Administrator\.m2\repository\org\springframework\spring-jcl\5.0.5.RELEASE\spring-jcl-5.0.5.RELEASE.jar;C:\Users\Administrator\.m2\repository\org\springframework\spring-test\5.0.5.RELEASE\spring-test-5.0.5.RELEASE.jar;C:\Users\Administrator\.m2\repository\org\xmlunit\xmlunit-core\2.5.1\xmlunit-core-2.5.1.jar;C:\Users\Administrator\.m2\repository\com\auth0\java-jwt\3.2.0\java-jwt-3.2.0.jar;C:\Users\Administrator\.m2\repository\commons-codec\commons-codec\1.11\commons-codec-1.11.jar;C:\Users\Administrator\.m2\repository\org\bouncycastle\bcprov-jdk15on\1.55\bcprov-jdk15on-1.55.jar;C:\Users\Administrator\.m2\repository\org\jsoup\jsoup\1.10.3\jsoup-1.10.3.jar;C:\Users\Administrator\.m2\repository\com\github\tobato\fastdfs-client\1.26.1-RELEASE\fastdfs-client-1.26.1-RELEASE.jar;C:\Users\Administrator\.m2\repository\org\slf4j\slf4j-api\1.7.25\slf4j-api-1.7.25.jar;C:\Users\Administrator\.m2\repository\org\slf4j\jcl-over-slf4j\1.7.25\jcl-over-slf4j-1.7.25.jar;C:\Users\Administrator\.m2\repository\org\apache\commons\commons-lang3\3.7\commons-lang3-3.7.jar;C:\Users\Administrator\.m2\repository\commons-beanutils\commons-beanutils\1.9.1\commons-beanutils-1.9.1.jar;C:\Users\Administrator\.m2\repository\commons-io\commons-io\2.4\commons-io-2.4.jar;C:\Users\Administrator\.m2\repository\org\springframework\boot\spring-boot-autoconfigure\2.0.1.RELEASE\spring-boot-autoconfigure-2.0.1.RELEASE.jar;C:\Users\Administrator\.m2\repository\org\mockito\mockito-all\1.9.5\mockito-all-1.9.5.jar;C:\Users\Administrator\.m2\repository\net\coobird\thumbnailator\0.4.8\thumbnailator-0.4.8.jar;C:\Users\Administrator\.m2\repository\net\sf\json-lib\json-lib\2.4\json-lib-2.4-jdk15.jar;C:\Users\Administrator\.m2\repository\commons-collections\commons-collections\3.2.1\commons-collections-3.2.1.jar;C:\Users\Administrator\.m2\repository\commons-lang\commons-lang\2.5\commons-lang-2.5.jar;C:\Users\Administrator\.m2\repository\commons-logging\commons-logging\1.1.1\commons-logging-1.1.1.jar;C:\Users\Administrator\.m2\repository\net\sf\ezmorph\ezmorph\1.0.6\ezmorph-1.0.6.jar;C:\Users\Administrator\.m2\repository\org\apache\httpcomponents\httpcore\4.3\httpcore-4.3.jar;C:\Users\Administrator\.m2\repository\org\apache\httpcomponents\httpclient\4.3.5\httpclient-4.3.5.jar;C:\Users\Administrator\.m2\repository\org\apache\httpcomponents\httpmime\4.3.5\httpmime-4.3.5.jar;C:\Users\Administrator\.m2\repository\com\github\pagehelper\pagehelper-spring-boot-starter\1.2.5\pagehelper-spring-boot-starter-1.2.5.jar;C:\Users\Administrator\.m2\repository\com\github\pagehelper\pagehelper-spring-boot-autoconfigure\1.2.5\pagehelper-spring-boot-autoconfigure-1.2.5.jar;C:\Users\Administrator\.m2\repository\com\github\pagehelper\pagehelper\5.1.4\pagehelper-5.1.4.jar;C:\Users\Administrator\.m2\repository\com\github\jsqlparser\jsqlparser\1.0\jsqlparser-1.0.jar;"/>
    <property name="java.vm.vendor" value="Oracle Corporation"/>
    <property name="sun.arch.data.model" value="64"/>
    <property name="user.variant" value=""/>
    <property name="java.vendor.url" value="http://java.oracle.com/"/>
    <property name="user.timezone" value=""/>
    <property name="java.vm.specification.version" value="1.8"/>
    <property name="os.name" value="Windows 10"/>
    <property name="user.country" value="CN"/>
    <property name="sun.java.launcher" value="SUN_STANDARD"/>
    <property name="sun.boot.library.path" value="D:\Java\jdk1.8.0_151\jre\bin"/>
    <property name="sun.java.command" value="C:\Users\ADMINI~1\AppData\Local\Temp\surefire3485159497049482901\surefirebooter1067435918989956018.jar C:\Users\Administrator\AppData\Local\Temp\surefire3485159497049482901 2018-09-25T10-23-23_722-jvmRun1 surefire9176273855773156372tmp surefire_08111209158148337582tmp"/>
    <property name="surefire.test.class.path" value="C:\Users\Administrator\Desktop\服务打包\micro-ancaiyun-sso-server\target\test-classes;C:\Users\Administrator\Desktop\服务打包\micro-ancaiyun-sso-server\target\classes;C:\Users\Administrator\.m2\repository\org\springframework\boot\spring-boot-starter-data-redis\2.0.1.RELEASE\spring-boot-starter-data-redis-2.0.1.RELEASE.jar;C:\Users\Administrator\.m2\repository\org\springframework\boot\spring-boot-starter\2.0.1.RELEASE\spring-boot-starter-2.0.1.RELEASE.jar;C:\Users\Administrator\.m2\repository\org\springframework\boot\spring-boot\2.0.1.RELEASE\spring-boot-2.0.1.RELEASE.jar;C:\Users\Administrator\.m2\repository\javax\annotation\javax.annotation-api\1.3.2\javax.annotation-api-1.3.2.jar;C:\Users\Administrator\.m2\repository\org\yaml\snakeyaml\1.19\snakeyaml-1.19.jar;C:\Users\Administrator\.m2\repository\org\springframework\data\spring-data-redis\2.0.6.RELEASE\spring-data-redis-2.0.6.RELEASE.jar;C:\Users\Administrator\.m2\repository\org\springframework\data\spring-data-keyvalue\2.0.6.RELEASE\spring-data-keyvalue-2.0.6.RELEASE.jar;C:\Users\Administrator\.m2\repository\org\springframework\data\spring-data-commons\2.0.6.RELEASE\spring-data-commons-2.0.6.RELEASE.jar;C:\Users\Administrator\.m2\repository\org\springframework\spring-tx\5.0.5.RELEASE\spring-tx-5.0.5.RELEASE.jar;C:\Users\Administrator\.m2\repository\org\springframework\spring-oxm\5.0.5.RELEASE\spring-oxm-5.0.5.RELEASE.jar;C:\Users\Administrator\.m2\repository\org\springframework\spring-aop\5.0.5.RELEASE\spring-aop-5.0.5.RELEASE.jar;C:\Users\Administrator\.m2\repository\io\lettuce\lettuce-core\5.0.3.RELEASE\lettuce-core-5.0.3.RELEASE.jar;C:\Users\Administrator\.m2\repository\io\projectreactor\reactor-core\3.1.6.RELEASE\reactor-core-3.1.6.RELEASE.jar;C:\Users\Administrator\.m2\repository\org\reactivestreams\reactive-streams\1.0.2\reactive-streams-1.0.2.jar;C:\Users\Administrator\.m2\repository\io\netty\netty-common\4.1.23.Final\netty-common-4.1.23.Final.jar;C:\Users\Administrator\.m2\repository\io\netty\netty-transport\4.1.23.Final\netty-transport-4.1.23.Final.jar;C:\Users\Administrator\.m2\repository\io\netty\netty-buffer\4.1.23.Final\netty-buffer-4.1.23.Final.jar;C:\Users\Administrator\.m2\repository\io\netty\netty-resolver\4.1.23.Final\netty-resolver-4.1.23.Final.jar;C:\Users\Administrator\.m2\repository\io\netty\netty-handler\4.1.23.Final\netty-handler-4.1.23.Final.jar;C:\Users\Administrator\.m2\repository\io\netty\netty-codec\4.1.23.Final\netty-codec-4.1.23.Final.jar;C:\Users\Administrator\.m2\repository\com\cwbase\logback-redis-appender\1.1.0\logback-redis-appender-1.1.0.jar;C:\Users\Administrator\.m2\repository\redis\clients\jedis\2.9.0\jedis-2.9.0.jar;C:\Users\Administrator\.m2\repository\org\springframework\boot\spring-boot-starter-logging\2.0.1.RELEASE\spring-boot-starter-logging-2.0.1.RELEASE.jar;C:\Users\Administrator\.m2\repository\ch\qos\logback\logback-classic\1.2.3\logback-classic-1.2.3.jar;C:\Users\Administrator\.m2\repository\org\apache\logging\log4j\log4j-to-slf4j\2.10.0\log4j-to-slf4j-2.10.0.jar;C:\Users\Administrator\.m2\repository\org\apache\logging\log4j\log4j-api\2.10.0\log4j-api-2.10.0.jar;C:\Users\Administrator\.m2\repository\org\slf4j\jul-to-slf4j\1.7.25\jul-to-slf4j-1.7.25.jar;C:\Users\Administrator\.m2\repository\net\logstash\logback\logstash-logback-encoder\4.11\logstash-logback-encoder-4.11.jar;C:\Users\Administrator\.m2\repository\ch\qos\logback\logback-core\1.2.3\logback-core-1.2.3.jar;C:\Users\Administrator\.m2\repository\com\fasterxml\jackson\core\jackson-databind\2.9.3\jackson-databind-2.9.3.jar;C:\Users\Administrator\.m2\repository\com\fasterxml\jackson\core\jackson-annotations\2.9.0\jackson-annotations-2.9.0.jar;C:\Users\Administrator\.m2\repository\com\fasterxml\jackson\core\jackson-core\2.9.3\jackson-core-2.9.3.jar;C:\Users\Administrator\.m2\repository\org\springframework\boot\spring-boot-starter-cache\2.0.1.RELEASE\spring-boot-starter-cache-2.0.1.RELEASE.jar;C:\Users\Administrator\.m2\repository\org\springframework\spring-context\5.0.5.RELEASE\spring-context-5.0.5.RELEASE.jar;C:\Users\Administrator\.m2\repository\org\springframework\spring-beans\5.0.5.RELEASE\spring-beans-5.0.5.RELEASE.jar;C:\Users\Administrator\.m2\repository\org\springframework\spring-expression\5.0.5.RELEASE\spring-expression-5.0.5.RELEASE.jar;C:\Users\Administrator\.m2\repository\org\springframework\spring-context-support\5.0.5.RELEASE\spring-context-support-5.0.5.RELEASE.jar;C:\Users\Administrator\.m2\repository\org\apache\commons\commons-pool2\2.4.2\commons-pool2-2.4.2.jar;C:\Users\Administrator\.m2\repository\com\alibaba\fastjson\1.2.8\fastjson-1.2.8.jar;C:\Users\Administrator\.m2\repository\org\springframework\boot\spring-boot-starter-web\2.0.1.RELEASE\spring-boot-starter-web-2.0.1.RELEASE.jar;C:\Users\Administrator\.m2\repository\org\springframework\boot\spring-boot-starter-json\2.0.1.RELEASE\spring-boot-starter-json-2.0.1.RELEASE.jar;C:\Users\Administrator\.m2\repository\com\fasterxml\jackson\datatype\jackson-datatype-jdk8\2.9.3\jackson-datatype-jdk8-2.9.3.jar;C:\Users\Administrator\.m2\repository\com\fasterxml\jackson\datatype\jackson-datatype-jsr310\2.9.3\jackson-datatype-jsr310-2.9.3.jar;C:\Users\Administrator\.m2\repository\com\fasterxml\jackson\module\jackson-module-parameter-names\2.9.3\jackson-module-parameter-names-2.9.3.jar;C:\Users\Administrator\.m2\repository\org\springframework\boot\spring-boot-starter-tomcat\2.0.1.RELEASE\spring-boot-starter-tomcat-2.0.1.RELEASE.jar;C:\Users\Administrator\.m2\repository\org\apache\tomcat\embed\tomcat-embed-core\8.5.29\tomcat-embed-core-8.5.29.jar;C:\Users\Administrator\.m2\repository\org\apache\tomcat\embed\tomcat-embed-el\8.5.29\tomcat-embed-el-8.5.29.jar;C:\Users\Administrator\.m2\repository\org\apache\tomcat\embed\tomcat-embed-websocket\8.5.29\tomcat-embed-websocket-8.5.29.jar;C:\Users\Administrator\.m2\repository\org\hibernate\validator\hibernate-validator\6.0.9.Final\hibernate-validator-6.0.9.Final.jar;C:\Users\Administrator\.m2\repository\javax\validation\validation-api\2.0.1.Final\validation-api-2.0.1.Final.jar;C:\Users\Administrator\.m2\repository\org\jboss\logging\jboss-logging\3.3.2.Final\jboss-logging-3.3.2.Final.jar;C:\Users\Administrator\.m2\repository\com\fasterxml\classmate\1.3.4\classmate-1.3.4.jar;C:\Users\Administrator\.m2\repository\org\springframework\spring-web\5.0.5.RELEASE\spring-web-5.0.5.RELEASE.jar;C:\Users\Administrator\.m2\repository\org\springframework\spring-webmvc\5.0.5.RELEASE\spring-webmvc-5.0.5.RELEASE.jar;C:\Users\Administrator\.m2\repository\org\springframework\boot\spring-boot-starter-jdbc\2.0.1.RELEASE\spring-boot-starter-jdbc-2.0.1.RELEASE.jar;C:\Users\Administrator\.m2\repository\com\zaxxer\HikariCP\2.7.8\HikariCP-2.7.8.jar;C:\Users\Administrator\.m2\repository\org\springframework\spring-jdbc\5.0.5.RELEASE\spring-jdbc-5.0.5.RELEASE.jar;C:\Users\Administrator\.m2\repository\org\mybatis\spring\boot\mybatis-spring-boot-starter\1.3.2\mybatis-spring-boot-starter-1.3.2.jar;C:\Users\Administrator\.m2\repository\org\mybatis\spring\boot\mybatis-spring-boot-autoconfigure\1.3.2\mybatis-spring-boot-autoconfigure-1.3.2.jar;C:\Users\Administrator\.m2\repository\org\mybatis\mybatis\3.4.6\mybatis-3.4.6.jar;C:\Users\Administrator\.m2\repository\org\mybatis\mybatis-spring\1.3.2\mybatis-spring-1.3.2.jar;C:\Users\Administrator\.m2\repository\org\springframework\cloud\spring-cloud-starter-netflix-eureka-client\2.0.0.M8\spring-cloud-starter-netflix-eureka-client-2.0.0.M8.jar;C:\Users\Administrator\.m2\repository\org\springframework\cloud\spring-cloud-starter\2.0.0.M9\spring-cloud-starter-2.0.0.M9.jar;C:\Users\Administrator\.m2\repository\org\springframework\cloud\spring-cloud-context\2.0.0.M9\spring-cloud-context-2.0.0.M9.jar;C:\Users\Administrator\.m2\repository\org\springframework\security\spring-security-crypto\5.0.4.RELEASE\spring-security-crypto-5.0.4.RELEASE.jar;C:\Users\Administrator\.m2\repository\org\springframework\cloud\spring-cloud-commons\2.0.0.M9\spring-cloud-commons-2.0.0.M9.jar;C:\Users\Administrator\.m2\repository\org\springframework\security\spring-security-rsa\1.0.5.RELEASE\spring-security-rsa-1.0.5.RELEASE.jar;C:\Users\Administrator\.m2\repository\org\bouncycastle\bcpkix-jdk15on\1.56\bcpkix-jdk15on-1.56.jar;C:\Users\Administrator\.m2\repository\org\springframework\cloud\spring-cloud-netflix-core\2.0.0.M8\spring-cloud-netflix-core-2.0.0.M8.jar;C:\Users\Administrator\.m2\repository\org\springframework\boot\spring-boot-starter-aop\2.0.1.RELEASE\spring-boot-starter-aop-2.0.1.RELEASE.jar;C:\Users\Administrator\.m2\repository\org\aspectj\aspectjweaver\1.8.13\aspectjweaver-1.8.13.jar;C:\Users\Administrator\.m2\repository\org\springframework\cloud\spring-cloud-netflix-eureka-client\2.0.0.M8\spring-cloud-netflix-eureka-client-2.0.0.M8.jar;C:\Users\Administrator\.m2\repository\com\netflix\eureka\eureka-client\1.8.7\eureka-client-1.8.7.jar;C:\Users\Administrator\.m2\repository\org\codehaus\jettison\jettison\1.3.7\jettison-1.3.7.jar;C:\Users\Administrator\.m2\repository\stax\stax-api\1.0.1\stax-api-1.0.1.jar;C:\Users\Administrator\.m2\repository\com\netflix\netflix-commons\netflix-eventbus\0.3.0\netflix-eventbus-0.3.0.jar;C:\Users\Administrator\.m2\repository\com\netflix\netflix-commons\netflix-infix\0.3.0\netflix-infix-0.3.0.jar;C:\Users\Administrator\.m2\repository\commons-jxpath\commons-jxpath\1.3\commons-jxpath-1.3.jar;C:\Users\Administrator\.m2\repository\joda-time\joda-time\2.9.9\joda-time-2.9.9.jar;C:\Users\Administrator\.m2\repository\org\antlr\antlr-runtime\3.4\antlr-runtime-3.4.jar;C:\Users\Administrator\.m2\repository\org\antlr\stringtemplate\3.2.1\stringtemplate-3.2.1.jar;C:\Users\Administrator\.m2\repository\antlr\antlr\2.7.7\antlr-2.7.7.jar;C:\Users\Administrator\.m2\repository\com\google\code\gson\gson\2.8.2\gson-2.8.2.jar;C:\Users\Administrator\.m2\repository\org\apache\commons\commons-math\2.2\commons-math-2.2.jar;C:\Users\Administrator\.m2\repository\com\netflix\archaius\archaius-core\0.7.5\archaius-core-0.7.5.jar;C:\Users\Administrator\.m2\repository\javax\ws\rs\jsr311-api\1.1.1\jsr311-api-1.1.1.jar;C:\Users\Administrator\.m2\repository\com\netflix\servo\servo-core\0.10.1\servo-core-0.10.1.jar;C:\Users\Administrator\.m2\repository\com\netflix\servo\servo-internal\0.10.1\servo-internal-0.10.1.jar;C:\Users\Administrator\.m2\repository\com\sun\jersey\jersey-core\1.19.1\jersey-core-1.19.1.jar;C:\Users\Administrator\.m2\repository\com\sun\jersey\jersey-client\1.19.1\jersey-client-1.19.1.jar;C:\Users\Administrator\.m2\repository\com\sun\jersey\contribs\jersey-apache-client4\1.19.1\jersey-apache-client4-1.19.1.jar;C:\Users\Administrator\.m2\repository\com\google\inject\guice\4.1.0\guice-4.1.0.jar;C:\Users\Administrator\.m2\repository\javax\inject\javax.inject\1\javax.inject-1.jar;C:\Users\Administrator\.m2\repository\aopalliance\aopalliance\1.0\aopalliance-1.0.jar;C:\Users\Administrator\.m2\repository\com\github\vlsi\compactmap\compactmap\1.2.1\compactmap-1.2.1.jar;C:\Users\Administrator\.m2\repository\com\github\andrewoma\dexx\dexx-collections\0.2\dexx-collections-0.2.jar;C:\Users\Administrator\.m2\repository\com\netflix\eureka\eureka-core\1.8.7\eureka-core-1.8.7.jar;C:\Users\Administrator\.m2\repository\org\codehaus\woodstox\woodstox-core-asl\4.4.1\woodstox-core-asl-4.4.1.jar;C:\Users\Administrator\.m2\repository\javax\xml\stream\stax-api\1.0-2\stax-api-1.0-2.jar;C:\Users\Administrator\.m2\repository\org\codehaus\woodstox\stax2-api\3.1.4\stax2-api-3.1.4.jar;C:\Users\Administrator\.m2\repository\org\springframework\cloud\spring-cloud-starter-netflix-archaius\2.0.0.M8\spring-cloud-starter-netflix-archaius-2.0.0.M8.jar;C:\Users\Administrator\.m2\repository\org\springframework\cloud\spring-cloud-netflix-ribbon\2.0.0.M8\spring-cloud-netflix-ribbon-2.0.0.M8.jar;C:\Users\Administrator\.m2\repository\org\springframework\cloud\spring-cloud-netflix-archaius\2.0.0.M8\spring-cloud-netflix-archaius-2.0.0.M8.jar;C:\Users\Administrator\.m2\repository\commons-configuration\commons-configuration\1.8\commons-configuration-1.8.jar;C:\Users\Administrator\.m2\repository\com\google\guava\guava\18.0\guava-18.0.jar;C:\Users\Administrator\.m2\repository\org\springframework\cloud\spring-cloud-starter-netflix-ribbon\2.0.0.M8\spring-cloud-starter-netflix-ribbon-2.0.0.M8.jar;C:\Users\Administrator\.m2\repository\com\netflix\ribbon\ribbon\2.2.5\ribbon-2.2.5.jar;C:\Users\Administrator\.m2\repository\com\netflix\ribbon\ribbon-transport\2.2.5\ribbon-transport-2.2.5.jar;C:\Users\Administrator\.m2\repository\io\reactivex\rxnetty-contexts\0.4.9\rxnetty-contexts-0.4.9.jar;C:\Users\Administrator\.m2\repository\io\reactivex\rxnetty-servo\0.4.9\rxnetty-servo-0.4.9.jar;C:\Users\Administrator\.m2\repository\com\netflix\hystrix\hystrix-core\1.5.12\hystrix-core-1.5.12.jar;C:\Users\Administrator\.m2\repository\org\hdrhistogram\HdrHistogram\2.1.9\HdrHistogram-2.1.9.jar;C:\Users\Administrator\.m2\repository\io\reactivex\rxnetty\0.4.9\rxnetty-0.4.9.jar;C:\Users\Administrator\.m2\repository\io\netty\netty-codec-http\4.1.23.Final\netty-codec-http-4.1.23.Final.jar;C:\Users\Administrator\.m2\repository\io\netty\netty-transport-native-epoll\4.1.23.Final\netty-transport-native-epoll-4.1.23.Final.jar;C:\Users\Administrator\.m2\repository\io\netty\netty-transport-native-unix-common\4.1.23.Final\netty-transport-native-unix-common-4.1.23.Final.jar;C:\Users\Administrator\.m2\repository\com\netflix\ribbon\ribbon-core\2.2.5\ribbon-core-2.2.5.jar;C:\Users\Administrator\.m2\repository\com\netflix\ribbon\ribbon-httpclient\2.2.5\ribbon-httpclient-2.2.5.jar;C:\Users\Administrator\.m2\repository\com\netflix\netflix-commons\netflix-commons-util\0.1.1\netflix-commons-util-0.1.1.jar;C:\Users\Administrator\.m2\repository\com\netflix\ribbon\ribbon-loadbalancer\2.2.5\ribbon-loadbalancer-2.2.5.jar;C:\Users\Administrator\.m2\repository\com\netflix\netflix-commons\netflix-statistics\0.1.1\netflix-statistics-0.1.1.jar;C:\Users\Administrator\.m2\repository\io\reactivex\rxjava\1.3.8\rxjava-1.3.8.jar;C:\Users\Administrator\.m2\repository\com\netflix\ribbon\ribbon-eureka\2.2.5\ribbon-eureka-2.2.5.jar;C:\Users\Administrator\.m2\repository\com\thoughtworks\xstream\xstream\1.4.10\xstream-1.4.10.jar;C:\Users\Administrator\.m2\repository\xmlpull\xmlpull\1.1.3.1\xmlpull-1.1.3.1.jar;C:\Users\Administrator\.m2\repository\xpp3\xpp3_min\1.1.4c\xpp3_min-1.1.4c.jar;C:\Users\Administrator\.m2\repository\mysql\mysql-connector-java\5.1.46\mysql-connector-java-5.1.46.jar;C:\Users\Administrator\.m2\repository\org\springframework\boot\spring-boot-starter-test\2.0.1.RELEASE\spring-boot-starter-test-2.0.1.RELEASE.jar;C:\Users\Administrator\.m2\repository\org\springframework\boot\spring-boot-test\2.0.1.RELEASE\spring-boot-test-2.0.1.RELEASE.jar;C:\Users\Administrator\.m2\repository\org\springframework\boot\spring-boot-test-autoconfigure\2.0.1.RELEASE\spring-boot-test-autoconfigure-2.0.1.RELEASE.jar;C:\Users\Administrator\.m2\repository\com\jayway\jsonpath\json-path\2.4.0\json-path-2.4.0.jar;C:\Users\Administrator\.m2\repository\net\minidev\json-smart\2.3\json-smart-2.3.jar;C:\Users\Administrator\.m2\repository\net\minidev\accessors-smart\1.2\accessors-smart-1.2.jar;C:\Users\Administrator\.m2\repository\org\ow2\asm\asm\5.0.4\asm-5.0.4.jar;C:\Users\Administrator\.m2\repository\junit\junit\4.12\junit-4.12.jar;C:\Users\Administrator\.m2\repository\org\assertj\assertj-core\3.9.1\assertj-core-3.9.1.jar;C:\Users\Administrator\.m2\repository\org\mockito\mockito-core\2.15.0\mockito-core-2.15.0.jar;C:\Users\Administrator\.m2\repository\net\bytebuddy\byte-buddy\1.7.11\byte-buddy-1.7.11.jar;C:\Users\Administrator\.m2\repository\net\bytebuddy\byte-buddy-agent\1.7.11\byte-buddy-agent-1.7.11.jar;C:\Users\Administrator\.m2\repository\org\objenesis\objenesis\2.6\objenesis-2.6.jar;C:\Users\Administrator\.m2\repository\org\hamcrest\hamcrest-core\1.3\hamcrest-core-1.3.jar;C:\Users\Administrator\.m2\repository\org\hamcrest\hamcrest-library\1.3\hamcrest-library-1.3.jar;C:\Users\Administrator\.m2\repository\org\skyscreamer\jsonassert\1.5.0\jsonassert-1.5.0.jar;C:\Users\Administrator\.m2\repository\com\vaadin\external\google\android-json\0.0.20131108.vaadin1\android-json-0.0.20131108.vaadin1.jar;C:\Users\Administrator\.m2\repository\org\springframework\spring-core\5.0.5.RELEASE\spring-core-5.0.5.RELEASE.jar;C:\Users\Administrator\.m2\repository\org\springframework\spring-jcl\5.0.5.RELEASE\spring-jcl-5.0.5.RELEASE.jar;C:\Users\Administrator\.m2\repository\org\springframework\spring-test\5.0.5.RELEASE\spring-test-5.0.5.RELEASE.jar;C:\Users\Administrator\.m2\repository\org\xmlunit\xmlunit-core\2.5.1\xmlunit-core-2.5.1.jar;C:\Users\Administrator\.m2\repository\com\auth0\java-jwt\3.2.0\java-jwt-3.2.0.jar;C:\Users\Administrator\.m2\repository\commons-codec\commons-codec\1.11\commons-codec-1.11.jar;C:\Users\Administrator\.m2\repository\org\bouncycastle\bcprov-jdk15on\1.55\bcprov-jdk15on-1.55.jar;C:\Users\Administrator\.m2\repository\org\jsoup\jsoup\1.10.3\jsoup-1.10.3.jar;C:\Users\Administrator\.m2\repository\com\github\tobato\fastdfs-client\1.26.1-RELEASE\fastdfs-client-1.26.1-RELEASE.jar;C:\Users\Administrator\.m2\repository\org\slf4j\slf4j-api\1.7.25\slf4j-api-1.7.25.jar;C:\Users\Administrator\.m2\repository\org\slf4j\jcl-over-slf4j\1.7.25\jcl-over-slf4j-1.7.25.jar;C:\Users\Administrator\.m2\repository\org\apache\commons\commons-lang3\3.7\commons-lang3-3.7.jar;C:\Users\Administrator\.m2\repository\commons-beanutils\commons-beanutils\1.9.1\commons-beanutils-1.9.1.jar;C:\Users\Administrator\.m2\repository\commons-io\commons-io\2.4\commons-io-2.4.jar;C:\Users\Administrator\.m2\repository\org\springframework\boot\spring-boot-autoconfigure\2.0.1.RELEASE\spring-boot-autoconfigure-2.0.1.RELEASE.jar;C:\Users\Administrator\.m2\repository\org\mockito\mockito-all\1.9.5\mockito-all-1.9.5.jar;C:\Users\Administrator\.m2\repository\net\coobird\thumbnailator\0.4.8\thumbnailator-0.4.8.jar;C:\Users\Administrator\.m2\repository\net\sf\json-lib\json-lib\2.4\json-lib-2.4-jdk15.jar;C:\Users\Administrator\.m2\repository\commons-collections\commons-collections\3.2.1\commons-collections-3.2.1.jar;C:\Users\Administrator\.m2\repository\commons-lang\commons-lang\2.5\commons-lang-2.5.jar;C:\Users\Administrator\.m2\repository\commons-logging\commons-logging\1.1.1\commons-logging-1.1.1.jar;C:\Users\Administrator\.m2\repository\net\sf\ezmorph\ezmorph\1.0.6\ezmorph-1.0.6.jar;C:\Users\Administrator\.m2\repository\org\apache\httpcomponents\httpcore\4.3\httpcore-4.3.jar;C:\Users\Administrator\.m2\repository\org\apache\httpcomponents\httpclient\4.3.5\httpclient-4.3.5.jar;C:\Users\Administrator\.m2\repository\org\apache\httpcomponents\httpmime\4.3.5\httpmime-4.3.5.jar;C:\Users\Administrator\.m2\repository\com\github\pagehelper\pagehelper-spring-boot-starter\1.2.5\pagehelper-spring-boot-starter-1.2.5.jar;C:\Users\Administrator\.m2\repository\com\github\pagehelper\pagehelper-spring-boot-autoconfigure\1.2.5\pagehelper-spring-boot-autoconfigure-1.2.5.jar;C:\Users\Administrator\.m2\repository\com\github\pagehelper\pagehelper\5.1.4\pagehelper-5.1.4.jar;C:\Users\Administrator\.m2\repository\com\github\jsqlparser\jsqlparser\1.0\jsqlparser-1.0.jar;"/>
    <property name="sun.cpu.endian" value="little"/>
    <property name="user.home" value="C:\Users\Administrator"/>
    <property name="user.language" value="zh"/>
    <property name="java.specification.vendor" value="Oracle Corporation"/>
    <property name="java.home" value="D:\Java\jdk1.8.0_151\jre"/>
    <property name="basedir" value="C:\Users\Administrator\Desktop\服务打包\micro-ancaiyun-sso-server"/>
    <property name="file.separator" value="\"/>
    <property name="line.separator" value="&#10;"/>
    <property name="java.vm.specification.vendor" value="Oracle Corporation"/>
    <property name="java.specification.name" value="Java Platform API Specification"/>
    <property name="java.awt.graphicsenv" value="sun.awt.Win32GraphicsEnvironment"/>
    <property name="surefire.real.class.path" value="C:\Users\ADMINI~1\AppData\Local\Temp\surefire3485159497049482901\surefirebooter1067435918989956018.jar"/>
    <property name="sun.boot.class.path" value="D:\Java\jdk1.8.0_151\jre\lib\resources.jar;D:\Java\jdk1.8.0_151\jre\lib\rt.jar;D:\Java\jdk1.8.0_151\jre\lib\sunrsasign.jar;D:\Java\jdk1.8.0_151\jre\lib\jsse.jar;D:\Java\jdk1.8.0_151\jre\lib\jce.jar;D:\Java\jdk1.8.0_151\jre\lib\charsets.jar;D:\Java\jdk1.8.0_151\jre\lib\jfr.jar;D:\Java\jdk1.8.0_151\jre\classes"/>
    <property name="user.script" value=""/>
    <property name="sun.management.compiler" value="HotSpot 64-Bit Tiered Compilers"/>
    <property name="java.runtime.version" value="1.8.0_151-b12"/>
    <property name="user.name" value="Administrator"/>
    <property name="path.separator" value=";"/>
    <property name="os.version" value="10.0"/>
    <property name="java.endorsed.dirs" value="D:\Java\jdk1.8.0_151\jre\lib\endorsed"/>
    <property name="java.runtime.name" value="Java(TM) SE Runtime Environment"/>
    <property name="file.encoding" value="GBK"/>
    <property name="java.vm.name" value="Java HotSpot(TM) 64-Bit Server VM"/>
    <property name="localRepository" value="C:\Users\Administrator\.m2\repository"/>
    <property name="java.vendor.url.bug" value="http://bugreport.sun.com/bugreport/"/>
    <property name="java.io.tmpdir" value="C:\Users\ADMINI~1\AppData\Local\Temp\"/>
    <property name="idea.version" value="2017.3.4"/>
    <property name="java.version" value="1.8.0_151"/>
    <property name="user.dir" value="C:\Users\Administrator\Desktop\服务打包\micro-ancaiyun-sso-server"/>
    <property name="os.arch" value="amd64"/>
    <property name="java.vm.specification.name" value="Java Virtual Machine Specification"/>
    <property name="java.awt.printerjob" value="sun.awt.windows.WPrinterJob"/>
    <property name="sun.os.patch.level" value=""/>
    <property name="java.library.path" value="D:\Java\jdk1.8.0_151\jre\bin;C:\windows\Sun\Java\bin;C:\windows\system32;C:\windows;D:\Java\jdk1.8.0_151\bin;D:\Java\jdk1.8.0_151\jre\bin;C:\ProgramData\Oracle\Java\javapath;C:\windows\system32;C:\windows;C:\windows\System32\Wbem;C:\windows\System32\WindowsPowerShell\v1.0\;D:\TortoiseSVN\bin;D:\maven\maven3.5.0\apache-maven-3.5.0\bin;\;C:\Program Files (x86)\GtkSharp\2.12\bin;D:\environment\nodejs;E:\Git\Git\cmd;C:\Users\Administrator\AppData\Local\Programs\Python\Python36\Scripts\;C:\Users\Administrator\AppData\Local\Programs\Python\Python36\;C:\Users\Administrator\AppData\Local\Microsoft\WindowsApps;C:\Users\Administrator\AppData\Roaming\npm;."/>
    <property name="java.vm.info" value="mixed mode"/>
    <property name="java.vendor" value="Oracle Corporation"/>
    <property name="java.vm.version" value="25.151-b12"/>
    <property name="java.ext.dirs" value="D:\Java\jdk1.8.0_151\jre\lib\ext;C:\windows\Sun\Java\lib\ext"/>
    <property name="sun.io.unicode.encoding" value="UnicodeLittle"/>
    <property name="java.class.version" value="52.0"/>
  </properties>
  <testcase name="contextLoads" classname="com.ancaiyun.MicroAncaiyunSsoServerApplicationTests" time="0.22"/>
</testsuite>